[2025-11-18 21:27:11] [INFO] [gologin_auto_action.py] [prepare_play] [GOLOGIN AUTO] Using API token from variable: GOLOGIN_KEY
[2025-11-18 21:27:15] [INFO] [gologin_auto_action.py] [prepare_play] [GOLOGIN START] Total profiles to start: 100
[2025-11-18 21:27:15] [INFO] [gologin_auto_action.py] [prepare_play] [GOLOGIN START] ========== PARALLEL MODE ==========
[2025-11-18 21:27:17] [INFO] [gologin_auto_action.py] [_open_profile] [BATCH 1][68f07b971a96ab3ba89efed3] ✓ Assigned tmproxy:socks5:b8d0d7ee
[2025-11-18 21:27:19] [INFO] [gologin_auto_action.py] [_open_profile] [BATCH 1][68f07b971a96ab3ba89efed3] ✓ Connected via handle 263402 (title: 'Log in to your account - GoLogin 3.4.13 Jupiter')
[2025-11-18 21:27:19] [INFO] [gologin_auto_action.py] [_open_profile] [BATCH 1][68f07b971a96ab3ba89efed3] ✓ Successfully connected to GoLogin app
[2025-11-18 21:27:21] [INFO] [gologin_auto_action.py] [_type_profile_id_and_enter] [BATCH 1][68f07b971a96ab3ba89efed3] Typed profile ID and pressed Enter
[2025-11-18 21:27:21] [INFO] [gologin_auto_action.py] [_open_profile] [BATCH 1][68f07b971a96ab3ba89efed3] Attempt 1/3: Checking if profile found...
[2025-11-18 21:27:24] [WARNING] [gologin_auto_action.py] [_open_profile] [BATCH 1][68f07b971a96ab3ba89efed3] Profile not found on attempt 1
[2025-11-18 21:27:24] [INFO] [gologin_auto_action.py] [_open_profile] [BATCH 1][68f07b971a96ab3ba89efed3] Retrying: Type profile ID again (attempt 2/3)...
[2025-11-18 21:27:26] [INFO] [gologin_auto_action.py] [_type_profile_id_and_enter] [BATCH 1][68f07b971a96ab3ba89efed3] Typed profile ID and pressed Enter
[2025-11-18 21:27:26] [INFO] [gologin_auto_action.py] [_open_profile] [BATCH 1][68f07b971a96ab3ba89efed3] Attempt 2/3: Checking if profile found...
[2025-11-18 21:27:30] [WARNING] [gologin_auto_action.py] [_open_profile] [BATCH 1][68f07b971a96ab3ba89efed3] Profile not found on attempt 2
[2025-11-18 21:27:30] [INFO] [gologin_auto_action.py] [_open_profile] [BATCH 1][68f07b971a96ab3ba89efed3] Retrying: Type profile ID again (attempt 3/3)...
[2025-11-18 21:27:33] [INFO] [gologin_auto_action.py] [_type_profile_id_and_enter] [BATCH 1][68f07b971a96ab3ba89efed3] Typed profile ID and pressed Enter
[2025-11-18 21:27:33] [INFO] [gologin_auto_action.py] [_open_profile] [BATCH 1][68f07b971a96ab3ba89efed3] Attempt 3/3: Checking if profile found...
[2025-11-18 21:27:37] [WARNING] [gologin_auto_action.py] [_open_profile] [BATCH 1][68f07b971a96ab3ba89efed3] Profile not found on attempt 3
[2025-11-18 21:27:38] [ERROR] [gologin_auto_action.py] [_open_profile] [BATCH 1][68f07b971a96ab3ba89efed3] ❌ Profile not found after 3 attempts - invalid profile ID or search failed
[2025-11-18 21:27:39] [INFO] [gologin_auto_action.py] [_open_profile] [BATCH 1][68f07ba71a96ab3ba89f018d] ✓ Assigned tmproxy:socks5:59dc059a
[2025-11-18 21:27:42] [INFO] [gologin_auto_action.py] [_open_profile] [BATCH 1][68f07ba71a96ab3ba89f018d] ✓ Connected via handle 263402 (title: 'Log in to your account - GoLogin 3.4.13 Jupiter')
[2025-11-18 21:27:42] [INFO] [gologin_auto_action.py] [_open_profile] [BATCH 1][68f07ba71a96ab3ba89f018d] ✓ Successfully connected to GoLogin app
[2025-11-18 21:27:45] [INFO] [gologin_auto_action.py] [_type_profile_id_and_enter] [BATCH 1][68f07ba71a96ab3ba89f018d] Typed profile ID and pressed Enter
[2025-11-18 21:27:45] [INFO] [gologin_auto_action.py] [_open_profile] [BATCH 1][68f07ba71a96ab3ba89f018d] Attempt 1/3: Checking if profile found...
[2025-11-18 21:27:47] [WARNING] [gologin_auto_action.py] [_open_profile] [BATCH 1][68f07ba71a96ab3ba89f018d] Profile not found on attempt 1
[2025-11-18 21:27:47] [INFO] [gologin_auto_action.py] [_open_profile] [BATCH 1][68f07ba71a96ab3ba89f018d] Retrying: Type profile ID again (attempt 2/3)...
[2025-11-18 21:27:49] [INFO] [gologin_auto_action.py] [_type_profile_id_and_enter] [BATCH 1][68f07ba71a96ab3ba89f018d] Typed profile ID and pressed Enter
[2025-11-18 21:27:49] [INFO] [gologin_auto_action.py] [_open_profile] [BATCH 1][68f07ba71a96ab3ba89f018d] Attempt 2/3: Checking if profile found...
[2025-11-18 21:27:53] [WARNING] [gologin_auto_action.py] [_open_profile] [BATCH 1][68f07ba71a96ab3ba89f018d] Profile not found on attempt 2
[2025-11-18 21:27:53] [INFO] [gologin_auto_action.py] [_open_profile] [BATCH 1][68f07ba71a96ab3ba89f018d] Retrying: Type profile ID again (attempt 3/3)...
